<?xml version="1.0" encoding="UTF-8"?><testrun name="BalancedBracketsTest" project="examplesfortechtest" tests="12" started="12" failures="0" errors="12" ignored="0">
  <testsuite name="examplesfortechtest.BalancedBracketsTest" time="0.007">
    <testcase name="testTooManyCurly" classname="examplesfortechtest.BalancedBracketsTest" time="0.001">
      <error>java.lang.Error: Unresolved compilation problem: 
	Syntax error, insert ") Statement" to complete IfStatement
&#13;
	at examplesfortechtest/examplesfortechtest.BalancedBracketsAgain.balancedBrackets(BalancedBracketsAgain.java:57)&#13;
	at examplesfortechtest/examplesfortechtest.BalancedBracketsTest.testTooManyCurly(BalancedBracketsTest.java:73)&#13;
	at java.base/jdk.internal.reflect.NativeMethodAccessorImpl.invoke0(Native Method)&#13;
	at java.base/jdk.internal.reflect.NativeMethodAccessorImpl.invoke(NativeMethodAccessorImpl.java:62)&#13;
	at java.base/jdk.internal.reflect.DelegatingMethodAccessorImpl.invoke(DelegatingMethodAccessorImpl.java:43)&#13;
	at java.base/java.lang.reflect.Method.invoke(Method.java:567)&#13;
	at junit/org.junit.runners.model.FrameworkMethod$1.runReflectiveCall(FrameworkMethod.java:50)&#13;
	at junit/org.junit.internal.runners.model.ReflectiveCallable.run(ReflectiveCallable.java:12)&#13;
	at junit/org.junit.runners.model.FrameworkMethod.invokeExplosively(FrameworkMethod.java:47)&#13;
	at junit/org.junit.internal.runners.statements.InvokeMethod.evaluate(InvokeMethod.java:17)&#13;
	at junit/org.junit.runners.ParentRunner.runLeaf(ParentRunner.java:325)&#13;
	at junit/org.junit.runners.BlockJUnit4ClassRunner.runChild(BlockJUnit4ClassRunner.java:78)&#13;
	at junit/org.junit.runners.BlockJUnit4ClassRunner.runChild(BlockJUnit4ClassRunner.java:57)&#13;
	at junit/org.junit.runners.ParentRunner$3.run(ParentRunner.java:290)&#13;
	at junit/org.junit.runners.ParentRunner$1.schedule(ParentRunner.java:71)&#13;
	at junit/org.junit.runners.ParentRunner.runChildren(ParentRunner.java:288)&#13;
	at junit/org.junit.runners.ParentRunner.access$000(ParentRunner.java:58)&#13;
	at junit/org.junit.runners.ParentRunner$2.evaluate(ParentRunner.java:268)&#13;
	at junit/org.junit.runners.ParentRunner.run(ParentRunner.java:363)&#13;
	at org.eclipse.jdt.internal.junit4.runner.JUnit4TestReference.run(JUnit4TestReference.java:89)&#13;
	at org.eclipse.jdt.internal.junit.runner.TestExecution.run(TestExecution.java:41)&#13;
	at org.eclipse.jdt.internal.junit.runner.RemoteTestRunner.runTests(RemoteTestRunner.java:541)&#13;
	at org.eclipse.jdt.internal.junit.runner.RemoteTestRunner.runTests(RemoteTestRunner.java:763)&#13;
	at org.eclipse.jdt.internal.junit.runner.RemoteTestRunner.run(RemoteTestRunner.java:463)&#13;
	at org.eclipse.jdt.internal.junit.runner.RemoteTestRunner.main(RemoteTestRunner.java:209)&#13;
&#13;
</error>
    </testcase>
    <testcase name="testTooManyParen" classname="examplesfortechtest.BalancedBracketsTest" time="0.0">
      <error>java.lang.Error: Unresolved compilation problem: 
	Syntax error, insert ") Statement" to complete IfStatement
&#13;
	at examplesfortechtest/examplesfortechtest.BalancedBracketsAgain.balancedBrackets(BalancedBracketsAgain.java:57)&#13;
	at examplesfortechtest/examplesfortechtest.BalancedBracketsTest.testTooManyParen(BalancedBracketsTest.java:59)&#13;
	at java.base/jdk.internal.reflect.NativeMethodAccessorImpl.invoke0(Native Method)&#13;
	at java.base/jdk.internal.reflect.NativeMethodAccessorImpl.invoke(NativeMethodAccessorImpl.java:62)&#13;
	at java.base/jdk.internal.reflect.DelegatingMethodAccessorImpl.invoke(DelegatingMethodAccessorImpl.java:43)&#13;
	at java.base/java.lang.reflect.Method.invoke(Method.java:567)&#13;
	at junit/org.junit.runners.model.FrameworkMethod$1.runReflectiveCall(FrameworkMethod.java:50)&#13;
	at junit/org.junit.internal.runners.model.ReflectiveCallable.run(ReflectiveCallable.java:12)&#13;
	at junit/org.junit.runners.model.FrameworkMethod.invokeExplosively(FrameworkMethod.java:47)&#13;
	at junit/org.junit.internal.runners.statements.InvokeMethod.evaluate(InvokeMethod.java:17)&#13;
	at junit/org.junit.runners.ParentRunner.runLeaf(ParentRunner.java:325)&#13;
	at junit/org.junit.runners.BlockJUnit4ClassRunner.runChild(BlockJUnit4ClassRunner.java:78)&#13;
	at junit/org.junit.runners.BlockJUnit4ClassRunner.runChild(BlockJUnit4ClassRunner.java:57)&#13;
	at junit/org.junit.runners.ParentRunner$3.run(ParentRunner.java:290)&#13;
	at junit/org.junit.runners.ParentRunner$1.schedule(ParentRunner.java:71)&#13;
	at junit/org.junit.runners.ParentRunner.runChildren(ParentRunner.java:288)&#13;
	at junit/org.junit.runners.ParentRunner.access$000(ParentRunner.java:58)&#13;
	at junit/org.junit.runners.ParentRunner$2.evaluate(ParentRunner.java:268)&#13;
	at junit/org.junit.runners.ParentRunner.run(ParentRunner.java:363)&#13;
	at org.eclipse.jdt.internal.junit4.runner.JUnit4TestReference.run(JUnit4TestReference.java:89)&#13;
	at org.eclipse.jdt.internal.junit.runner.TestExecution.run(TestExecution.java:41)&#13;
	at org.eclipse.jdt.internal.junit.runner.RemoteTestRunner.runTests(RemoteTestRunner.java:541)&#13;
	at org.eclipse.jdt.internal.junit.runner.RemoteTestRunner.runTests(RemoteTestRunner.java:763)&#13;
	at org.eclipse.jdt.internal.junit.runner.RemoteTestRunner.run(RemoteTestRunner.java:463)&#13;
	at org.eclipse.jdt.internal.junit.runner.RemoteTestRunner.main(RemoteTestRunner.java:209)&#13;
&#13;
</error>
    </testcase>
    <testcase name="testOpposites" classname="examplesfortechtest.BalancedBracketsTest" time="0.001">
      <error>java.lang.Error: Unresolved compilation problem: 
	Syntax error, insert ") Statement" to complete IfStatement
&#13;
	at examplesfortechtest/examplesfortechtest.BalancedBracketsAgain.balancedBrackets(BalancedBracketsAgain.java:57)&#13;
	at examplesfortechtest/examplesfortechtest.BalancedBracketsTest.testOpposites(BalancedBracketsTest.java:87)&#13;
	at java.base/jdk.internal.reflect.NativeMethodAccessorImpl.invoke0(Native Method)&#13;
	at java.base/jdk.internal.reflect.NativeMethodAccessorImpl.invoke(NativeMethodAccessorImpl.java:62)&#13;
	at java.base/jdk.internal.reflect.DelegatingMethodAccessorImpl.invoke(DelegatingMethodAccessorImpl.java:43)&#13;
	at java.base/java.lang.reflect.Method.invoke(Method.java:567)&#13;
	at junit/org.junit.runners.model.FrameworkMethod$1.runReflectiveCall(FrameworkMethod.java:50)&#13;
	at junit/org.junit.internal.runners.model.ReflectiveCallable.run(ReflectiveCallable.java:12)&#13;
	at junit/org.junit.runners.model.FrameworkMethod.invokeExplosively(FrameworkMethod.java:47)&#13;
	at junit/org.junit.internal.runners.statements.InvokeMethod.evaluate(InvokeMethod.java:17)&#13;
	at junit/org.junit.runners.ParentRunner.runLeaf(ParentRunner.java:325)&#13;
	at junit/org.junit.runners.BlockJUnit4ClassRunner.runChild(BlockJUnit4ClassRunner.java:78)&#13;
	at junit/org.junit.runners.BlockJUnit4ClassRunner.runChild(BlockJUnit4ClassRunner.java:57)&#13;
	at junit/org.junit.runners.ParentRunner$3.run(ParentRunner.java:290)&#13;
	at junit/org.junit.runners.ParentRunner$1.schedule(ParentRunner.java:71)&#13;
	at junit/org.junit.runners.ParentRunner.runChildren(ParentRunner.java:288)&#13;
	at junit/org.junit.runners.ParentRunner.access$000(ParentRunner.java:58)&#13;
	at junit/org.junit.runners.ParentRunner$2.evaluate(ParentRunner.java:268)&#13;
	at junit/org.junit.runners.ParentRunner.run(ParentRunner.java:363)&#13;
	at org.eclipse.jdt.internal.junit4.runner.JUnit4TestReference.run(JUnit4TestReference.java:89)&#13;
	at org.eclipse.jdt.internal.junit.runner.TestExecution.run(TestExecution.java:41)&#13;
	at org.eclipse.jdt.internal.junit.runner.RemoteTestRunner.runTests(RemoteTestRunner.java:541)&#13;
	at org.eclipse.jdt.internal.junit.runner.RemoteTestRunner.runTests(RemoteTestRunner.java:763)&#13;
	at org.eclipse.jdt.internal.junit.runner.RemoteTestRunner.run(RemoteTestRunner.java:463)&#13;
	at org.eclipse.jdt.internal.junit.runner.RemoteTestRunner.main(RemoteTestRunner.java:209)&#13;
&#13;
</error>
    </testcase>
    <testcase name="test1" classname="examplesfortechtest.BalancedBracketsTest" time="0.0">
      <error>java.lang.Error: Unresolved compilation problem: 
	Syntax error, insert ") Statement" to complete IfStatement
&#13;
	at examplesfortechtest/examplesfortechtest.BalancedBracketsAgain.balancedBrackets(BalancedBracketsAgain.java:57)&#13;
	at examplesfortechtest/examplesfortechtest.BalancedBracketsTest.test1(BalancedBracketsTest.java:11)&#13;
	at java.base/jdk.internal.reflect.NativeMethodAccessorImpl.invoke0(Native Method)&#13;
	at java.base/jdk.internal.reflect.NativeMethodAccessorImpl.invoke(NativeMethodAccessorImpl.java:62)&#13;
	at java.base/jdk.internal.reflect.DelegatingMethodAccessorImpl.invoke(DelegatingMethodAccessorImpl.java:43)&#13;
	at java.base/java.lang.reflect.Method.invoke(Method.java:567)&#13;
	at junit/org.junit.runners.model.FrameworkMethod$1.runReflectiveCall(FrameworkMethod.java:50)&#13;
	at junit/org.junit.internal.runners.model.ReflectiveCallable.run(ReflectiveCallable.java:12)&#13;
	at junit/org.junit.runners.model.FrameworkMethod.invokeExplosively(FrameworkMethod.java:47)&#13;
	at junit/org.junit.internal.runners.statements.InvokeMethod.evaluate(InvokeMethod.java:17)&#13;
	at junit/org.junit.runners.ParentRunner.runLeaf(ParentRunner.java:325)&#13;
	at junit/org.junit.runners.BlockJUnit4ClassRunner.runChild(BlockJUnit4ClassRunner.java:78)&#13;
	at junit/org.junit.runners.BlockJUnit4ClassRunner.runChild(BlockJUnit4ClassRunner.java:57)&#13;
	at junit/org.junit.runners.ParentRunner$3.run(ParentRunner.java:290)&#13;
	at junit/org.junit.runners.ParentRunner$1.schedule(ParentRunner.java:71)&#13;
	at junit/org.junit.runners.ParentRunner.runChildren(ParentRunner.java:288)&#13;
	at junit/org.junit.runners.ParentRunner.access$000(ParentRunner.java:58)&#13;
	at junit/org.junit.runners.ParentRunner$2.evaluate(ParentRunner.java:268)&#13;
	at junit/org.junit.runners.ParentRunner.run(ParentRunner.java:363)&#13;
	at org.eclipse.jdt.internal.junit4.runner.JUnit4TestReference.run(JUnit4TestReference.java:89)&#13;
	at org.eclipse.jdt.internal.junit.runner.TestExecution.run(TestExecution.java:41)&#13;
	at org.eclipse.jdt.internal.junit.runner.RemoteTestRunner.runTests(RemoteTestRunner.java:541)&#13;
	at org.eclipse.jdt.internal.junit.runner.RemoteTestRunner.runTests(RemoteTestRunner.java:763)&#13;
	at org.eclipse.jdt.internal.junit.runner.RemoteTestRunner.run(RemoteTestRunner.java:463)&#13;
	at org.eclipse.jdt.internal.junit.runner.RemoteTestRunner.main(RemoteTestRunner.java:209)&#13;
&#13;
</error>
    </testcase>
    <testcase name="test2" classname="examplesfortechtest.BalancedBracketsTest" time="0.001">
      <error>java.lang.Error: Unresolved compilation problem: 
	Syntax error, insert ") Statement" to complete IfStatement
&#13;
	at examplesfortechtest/examplesfortechtest.BalancedBracketsAgain.balancedBrackets(BalancedBracketsAgain.java:57)&#13;
	at examplesfortechtest/examplesfortechtest.BalancedBracketsTest.test2(BalancedBracketsTest.java:18)&#13;
	at java.base/jdk.internal.reflect.NativeMethodAccessorImpl.invoke0(Native Method)&#13;
	at java.base/jdk.internal.reflect.NativeMethodAccessorImpl.invoke(NativeMethodAccessorImpl.java:62)&#13;
	at java.base/jdk.internal.reflect.DelegatingMethodAccessorImpl.invoke(DelegatingMethodAccessorImpl.java:43)&#13;
	at java.base/java.lang.reflect.Method.invoke(Method.java:567)&#13;
	at junit/org.junit.runners.model.FrameworkMethod$1.runReflectiveCall(FrameworkMethod.java:50)&#13;
	at junit/org.junit.internal.runners.model.ReflectiveCallable.run(ReflectiveCallable.java:12)&#13;
	at junit/org.junit.runners.model.FrameworkMethod.invokeExplosively(FrameworkMethod.java:47)&#13;
	at junit/org.junit.internal.runners.statements.InvokeMethod.evaluate(InvokeMethod.java:17)&#13;
	at junit/org.junit.runners.ParentRunner.runLeaf(ParentRunner.java:325)&#13;
	at junit/org.junit.runners.BlockJUnit4ClassRunner.runChild(BlockJUnit4ClassRunner.java:78)&#13;
	at junit/org.junit.runners.BlockJUnit4ClassRunner.runChild(BlockJUnit4ClassRunner.java:57)&#13;
	at junit/org.junit.runners.ParentRunner$3.run(ParentRunner.java:290)&#13;
	at junit/org.junit.runners.ParentRunner$1.schedule(ParentRunner.java:71)&#13;
	at junit/org.junit.runners.ParentRunner.runChildren(ParentRunner.java:288)&#13;
	at junit/org.junit.runners.ParentRunner.access$000(ParentRunner.java:58)&#13;
	at junit/org.junit.runners.ParentRunner$2.evaluate(ParentRunner.java:268)&#13;
	at junit/org.junit.runners.ParentRunner.run(ParentRunner.java:363)&#13;
	at org.eclipse.jdt.internal.junit4.runner.JUnit4TestReference.run(JUnit4TestReference.java:89)&#13;
	at org.eclipse.jdt.internal.junit.runner.TestExecution.run(TestExecution.java:41)&#13;
	at org.eclipse.jdt.internal.junit.runner.RemoteTestRunner.runTests(RemoteTestRunner.java:541)&#13;
	at org.eclipse.jdt.internal.junit.runner.RemoteTestRunner.runTests(RemoteTestRunner.java:763)&#13;
	at org.eclipse.jdt.internal.junit.runner.RemoteTestRunner.run(RemoteTestRunner.java:463)&#13;
	at org.eclipse.jdt.internal.junit.runner.RemoteTestRunner.main(RemoteTestRunner.java:209)&#13;
&#13;
</error>
    </testcase>
    <testcase name="test3" classname="examplesfortechtest.BalancedBracketsTest" time="0.0">
      <error>java.lang.Error: Unresolved compilation problem: 
	Syntax error, insert ") Statement" to complete IfStatement
&#13;
	at examplesfortechtest/examplesfortechtest.BalancedBracketsAgain.balancedBrackets(BalancedBracketsAgain.java:57)&#13;
	at examplesfortechtest/examplesfortechtest.BalancedBracketsTest.test3(BalancedBracketsTest.java:25)&#13;
	at java.base/jdk.internal.reflect.NativeMethodAccessorImpl.invoke0(Native Method)&#13;
	at java.base/jdk.internal.reflect.NativeMethodAccessorImpl.invoke(NativeMethodAccessorImpl.java:62)&#13;
	at java.base/jdk.internal.reflect.DelegatingMethodAccessorImpl.invoke(DelegatingMethodAccessorImpl.java:43)&#13;
	at java.base/java.lang.reflect.Method.invoke(Method.java:567)&#13;
	at junit/org.junit.runners.model.FrameworkMethod$1.runReflectiveCall(FrameworkMethod.java:50)&#13;
	at junit/org.junit.internal.runners.model.ReflectiveCallable.run(ReflectiveCallable.java:12)&#13;
	at junit/org.junit.runners.model.FrameworkMethod.invokeExplosively(FrameworkMethod.java:47)&#13;
	at junit/org.junit.internal.runners.statements.InvokeMethod.evaluate(InvokeMethod.java:17)&#13;
	at junit/org.junit.runners.ParentRunner.runLeaf(ParentRunner.java:325)&#13;
	at junit/org.junit.runners.BlockJUnit4ClassRunner.runChild(BlockJUnit4ClassRunner.java:78)&#13;
	at junit/org.junit.runners.BlockJUnit4ClassRunner.runChild(BlockJUnit4ClassRunner.java:57)&#13;
	at junit/org.junit.runners.ParentRunner$3.run(ParentRunner.java:290)&#13;
	at junit/org.junit.runners.ParentRunner$1.schedule(ParentRunner.java:71)&#13;
	at junit/org.junit.runners.ParentRunner.runChildren(ParentRunner.java:288)&#13;
	at junit/org.junit.runners.ParentRunner.access$000(ParentRunner.java:58)&#13;
	at junit/org.junit.runners.ParentRunner$2.evaluate(ParentRunner.java:268)&#13;
	at junit/org.junit.runners.ParentRunner.run(ParentRunner.java:363)&#13;
	at org.eclipse.jdt.internal.junit4.runner.JUnit4TestReference.run(JUnit4TestReference.java:89)&#13;
	at org.eclipse.jdt.internal.junit.runner.TestExecution.run(TestExecution.java:41)&#13;
	at org.eclipse.jdt.internal.junit.runner.RemoteTestRunner.runTests(RemoteTestRunner.java:541)&#13;
	at org.eclipse.jdt.internal.junit.runner.RemoteTestRunner.runTests(RemoteTestRunner.java:763)&#13;
	at org.eclipse.jdt.internal.junit.runner.RemoteTestRunner.run(RemoteTestRunner.java:463)&#13;
	at org.eclipse.jdt.internal.junit.runner.RemoteTestRunner.main(RemoteTestRunner.java:209)&#13;
&#13;
</error>
    </testcase>
    <testcase name="test4" classname="examplesfortechtest.BalancedBracketsTest" time="0.001">
      <error>java.lang.Error: Unresolved compilation problem: 
	Syntax error, insert ") Statement" to complete IfStatement
&#13;
	at examplesfortechtest/examplesfortechtest.BalancedBracketsAgain.balancedBrackets(BalancedBracketsAgain.java:57)&#13;
	at examplesfortechtest/examplesfortechtest.BalancedBracketsTest.test4(BalancedBracketsTest.java:32)&#13;
	at java.base/jdk.internal.reflect.NativeMethodAccessorImpl.invoke0(Native Method)&#13;
	at java.base/jdk.internal.reflect.NativeMethodAccessorImpl.invoke(NativeMethodAccessorImpl.java:62)&#13;
	at java.base/jdk.internal.reflect.DelegatingMethodAccessorImpl.invoke(DelegatingMethodAccessorImpl.java:43)&#13;
	at java.base/java.lang.reflect.Method.invoke(Method.java:567)&#13;
	at junit/org.junit.runners.model.FrameworkMethod$1.runReflectiveCall(FrameworkMethod.java:50)&#13;
	at junit/org.junit.internal.runners.model.ReflectiveCallable.run(ReflectiveCallable.java:12)&#13;
	at junit/org.junit.runners.model.FrameworkMethod.invokeExplosively(FrameworkMethod.java:47)&#13;
	at junit/org.junit.internal.runners.statements.InvokeMethod.evaluate(InvokeMethod.java:17)&#13;
	at junit/org.junit.runners.ParentRunner.runLeaf(ParentRunner.java:325)&#13;
	at junit/org.junit.runners.BlockJUnit4ClassRunner.runChild(BlockJUnit4ClassRunner.java:78)&#13;
	at junit/org.junit.runners.BlockJUnit4ClassRunner.runChild(BlockJUnit4ClassRunner.java:57)&#13;
	at junit/org.junit.runners.ParentRunner$3.run(ParentRunner.java:290)&#13;
	at junit/org.junit.runners.ParentRunner$1.schedule(ParentRunner.java:71)&#13;
	at junit/org.junit.runners.ParentRunner.runChildren(ParentRunner.java:288)&#13;
	at junit/org.junit.runners.ParentRunner.access$000(ParentRunner.java:58)&#13;
	at junit/org.junit.runners.ParentRunner$2.evaluate(ParentRunner.java:268)&#13;
	at junit/org.junit.runners.ParentRunner.run(ParentRunner.java:363)&#13;
	at org.eclipse.jdt.internal.junit4.runner.JUnit4TestReference.run(JUnit4TestReference.java:89)&#13;
	at org.eclipse.jdt.internal.junit.runner.TestExecution.run(TestExecution.java:41)&#13;
	at org.eclipse.jdt.internal.junit.runner.RemoteTestRunner.runTests(RemoteTestRunner.java:541)&#13;
	at org.eclipse.jdt.internal.junit.runner.RemoteTestRunner.runTests(RemoteTestRunner.java:763)&#13;
	at org.eclipse.jdt.internal.junit.runner.RemoteTestRunner.run(RemoteTestRunner.java:463)&#13;
	at org.eclipse.jdt.internal.junit.runner.RemoteTestRunner.main(RemoteTestRunner.java:209)&#13;
&#13;
</error>
    </testcase>
    <testcase name="test5" classname="examplesfortechtest.BalancedBracketsTest" time="0.0">
      <error>java.lang.Error: Unresolved compilation problem: 
	Syntax error, insert ") Statement" to complete IfStatement
&#13;
	at examplesfortechtest/examplesfortechtest.BalancedBracketsAgain.balancedBrackets(BalancedBracketsAgain.java:57)&#13;
	at examplesfortechtest/examplesfortechtest.BalancedBracketsTest.test5(BalancedBracketsTest.java:39)&#13;
	at java.base/jdk.internal.reflect.NativeMethodAccessorImpl.invoke0(Native Method)&#13;
	at java.base/jdk.internal.reflect.NativeMethodAccessorImpl.invoke(NativeMethodAccessorImpl.java:62)&#13;
	at java.base/jdk.internal.reflect.DelegatingMethodAccessorImpl.invoke(DelegatingMethodAccessorImpl.java:43)&#13;
	at java.base/java.lang.reflect.Method.invoke(Method.java:567)&#13;
	at junit/org.junit.runners.model.FrameworkMethod$1.runReflectiveCall(FrameworkMethod.java:50)&#13;
	at junit/org.junit.internal.runners.model.ReflectiveCallable.run(ReflectiveCallable.java:12)&#13;
	at junit/org.junit.runners.model.FrameworkMethod.invokeExplosively(FrameworkMethod.java:47)&#13;
	at junit/org.junit.internal.runners.statements.InvokeMethod.evaluate(InvokeMethod.java:17)&#13;
	at junit/org.junit.runners.ParentRunner.runLeaf(ParentRunner.java:325)&#13;
	at junit/org.junit.runners.BlockJUnit4ClassRunner.runChild(BlockJUnit4ClassRunner.java:78)&#13;
	at junit/org.junit.runners.BlockJUnit4ClassRunner.runChild(BlockJUnit4ClassRunner.java:57)&#13;
	at junit/org.junit.runners.ParentRunner$3.run(ParentRunner.java:290)&#13;
	at junit/org.junit.runners.ParentRunner$1.schedule(ParentRunner.java:71)&#13;
	at junit/org.junit.runners.ParentRunner.runChildren(ParentRunner.java:288)&#13;
	at junit/org.junit.runners.ParentRunner.access$000(ParentRunner.java:58)&#13;
	at junit/org.junit.runners.ParentRunner$2.evaluate(ParentRunner.java:268)&#13;
	at junit/org.junit.runners.ParentRunner.run(ParentRunner.java:363)&#13;
	at org.eclipse.jdt.internal.junit4.runner.JUnit4TestReference.run(JUnit4TestReference.java:89)&#13;
	at org.eclipse.jdt.internal.junit.runner.TestExecution.run(TestExecution.java:41)&#13;
	at org.eclipse.jdt.internal.junit.runner.RemoteTestRunner.runTests(RemoteTestRunner.java:541)&#13;
	at org.eclipse.jdt.internal.junit.runner.RemoteTestRunner.runTests(RemoteTestRunner.java:763)&#13;
	at org.eclipse.jdt.internal.junit.runner.RemoteTestRunner.run(RemoteTestRunner.java:463)&#13;
	at org.eclipse.jdt.internal.junit.runner.RemoteTestRunner.main(RemoteTestRunner.java:209)&#13;
&#13;
</error>
    </testcase>
    <testcase name="test6" classname="examplesfortechtest.BalancedBracketsTest" time="0.001">
      <error>java.lang.Error: Unresolved compilation problem: 
	Syntax error, insert ") Statement" to complete IfStatement
&#13;
	at examplesfortechtest/examplesfortechtest.BalancedBracketsAgain.balancedBrackets(BalancedBracketsAgain.java:57)&#13;
	at examplesfortechtest/examplesfortechtest.BalancedBracketsTest.test6(BalancedBracketsTest.java:46)&#13;
	at java.base/jdk.internal.reflect.NativeMethodAccessorImpl.invoke0(Native Method)&#13;
	at java.base/jdk.internal.reflect.NativeMethodAccessorImpl.invoke(NativeMethodAccessorImpl.java:62)&#13;
	at java.base/jdk.internal.reflect.DelegatingMethodAccessorImpl.invoke(DelegatingMethodAccessorImpl.java:43)&#13;
	at java.base/java.lang.reflect.Method.invoke(Method.java:567)&#13;
	at junit/org.junit.runners.model.FrameworkMethod$1.runReflectiveCall(FrameworkMethod.java:50)&#13;
	at junit/org.junit.internal.runners.model.ReflectiveCallable.run(ReflectiveCallable.java:12)&#13;
	at junit/org.junit.runners.model.FrameworkMethod.invokeExplosively(FrameworkMethod.java:47)&#13;
	at junit/org.junit.internal.runners.statements.InvokeMethod.evaluate(InvokeMethod.java:17)&#13;
	at junit/org.junit.runners.ParentRunner.runLeaf(ParentRunner.java:325)&#13;
	at junit/org.junit.runners.BlockJUnit4ClassRunner.runChild(BlockJUnit4ClassRunner.java:78)&#13;
	at junit/org.junit.runners.BlockJUnit4ClassRunner.runChild(BlockJUnit4ClassRunner.java:57)&#13;
	at junit/org.junit.runners.ParentRunner$3.run(ParentRunner.java:290)&#13;
	at junit/org.junit.runners.ParentRunner$1.schedule(ParentRunner.java:71)&#13;
	at junit/org.junit.runners.ParentRunner.runChildren(ParentRunner.java:288)&#13;
	at junit/org.junit.runners.ParentRunner.access$000(ParentRunner.java:58)&#13;
	at junit/org.junit.runners.ParentRunner$2.evaluate(ParentRunner.java:268)&#13;
	at junit/org.junit.runners.ParentRunner.run(ParentRunner.java:363)&#13;
	at org.eclipse.jdt.internal.junit4.runner.JUnit4TestReference.run(JUnit4TestReference.java:89)&#13;
	at org.eclipse.jdt.internal.junit.runner.TestExecution.run(TestExecution.java:41)&#13;
	at org.eclipse.jdt.internal.junit.runner.RemoteTestRunner.runTests(RemoteTestRunner.java:541)&#13;
	at org.eclipse.jdt.internal.junit.runner.RemoteTestRunner.runTests(RemoteTestRunner.java:763)&#13;
	at org.eclipse.jdt.internal.junit.runner.RemoteTestRunner.run(RemoteTestRunner.java:463)&#13;
	at org.eclipse.jdt.internal.junit.runner.RemoteTestRunner.main(RemoteTestRunner.java:209)&#13;
&#13;
</error>
    </testcase>
    <testcase name="test7" classname="examplesfortechtest.BalancedBracketsTest" time="0.0">
      <error>java.lang.Error: Unresolved compilation problem: 
	Syntax error, insert ") Statement" to complete IfStatement
&#13;
	at examplesfortechtest/examplesfortechtest.BalancedBracketsAgain.balancedBrackets(BalancedBracketsAgain.java:57)&#13;
	at examplesfortechtest/examplesfortechtest.BalancedBracketsTest.test7(BalancedBracketsTest.java:53)&#13;
	at java.base/jdk.internal.reflect.NativeMethodAccessorImpl.invoke0(Native Method)&#13;
	at java.base/jdk.internal.reflect.NativeMethodAccessorImpl.invoke(NativeMethodAccessorImpl.java:62)&#13;
	at java.base/jdk.internal.reflect.DelegatingMethodAccessorImpl.invoke(DelegatingMethodAccessorImpl.java:43)&#13;
	at java.base/java.lang.reflect.Method.invoke(Method.java:567)&#13;
	at junit/org.junit.runners.model.FrameworkMethod$1.runReflectiveCall(FrameworkMethod.java:50)&#13;
	at junit/org.junit.internal.runners.model.ReflectiveCallable.run(ReflectiveCallable.java:12)&#13;
	at junit/org.junit.runners.model.FrameworkMethod.invokeExplosively(FrameworkMethod.java:47)&#13;
	at junit/org.junit.internal.runners.statements.InvokeMethod.evaluate(InvokeMethod.java:17)&#13;
	at junit/org.junit.runners.ParentRunner.runLeaf(ParentRunner.java:325)&#13;
	at junit/org.junit.runners.BlockJUnit4ClassRunner.runChild(BlockJUnit4ClassRunner.java:78)&#13;
	at junit/org.junit.runners.BlockJUnit4ClassRunner.runChild(BlockJUnit4ClassRunner.java:57)&#13;
	at junit/org.junit.runners.ParentRunner$3.run(ParentRunner.java:290)&#13;
	at junit/org.junit.runners.ParentRunner$1.schedule(ParentRunner.java:71)&#13;
	at junit/org.junit.runners.ParentRunner.runChildren(ParentRunner.java:288)&#13;
	at junit/org.junit.runners.ParentRunner.access$000(ParentRunner.java:58)&#13;
	at junit/org.junit.runners.ParentRunner$2.evaluate(ParentRunner.java:268)&#13;
	at junit/org.junit.runners.ParentRunner.run(ParentRunner.java:363)&#13;
	at org.eclipse.jdt.internal.junit4.runner.JUnit4TestReference.run(JUnit4TestReference.java:89)&#13;
	at org.eclipse.jdt.internal.junit.runner.TestExecution.run(TestExecution.java:41)&#13;
	at org.eclipse.jdt.internal.junit.runner.RemoteTestRunner.runTests(RemoteTestRunner.java:541)&#13;
	at org.eclipse.jdt.internal.junit.runner.RemoteTestRunner.runTests(RemoteTestRunner.java:763)&#13;
	at org.eclipse.jdt.internal.junit.runner.RemoteTestRunner.run(RemoteTestRunner.java:463)&#13;
	at org.eclipse.jdt.internal.junit.runner.RemoteTestRunner.main(RemoteTestRunner.java:209)&#13;
&#13;
</error>
    </testcase>
    <testcase name="testTooManySquare" classname="examplesfortechtest.BalancedBracketsTest" time="0.001">
      <error>java.lang.Error: Unresolved compilation problem: 
	Syntax error, insert ") Statement" to complete IfStatement
&#13;
	at examplesfortechtest/examplesfortechtest.BalancedBracketsAgain.balancedBrackets(BalancedBracketsAgain.java:57)&#13;
	at examplesfortechtest/examplesfortechtest.BalancedBracketsTest.testTooManySquare(BalancedBracketsTest.java:66)&#13;
	at java.base/jdk.internal.reflect.NativeMethodAccessorImpl.invoke0(Native Method)&#13;
	at java.base/jdk.internal.reflect.NativeMethodAccessorImpl.invoke(NativeMethodAccessorImpl.java:62)&#13;
	at java.base/jdk.internal.reflect.DelegatingMethodAccessorImpl.invoke(DelegatingMethodAccessorImpl.java:43)&#13;
	at java.base/java.lang.reflect.Method.invoke(Method.java:567)&#13;
	at junit/org.junit.runners.model.FrameworkMethod$1.runReflectiveCall(FrameworkMethod.java:50)&#13;
	at junit/org.junit.internal.runners.model.ReflectiveCallable.run(ReflectiveCallable.java:12)&#13;
	at junit/org.junit.runners.model.FrameworkMethod.invokeExplosively(FrameworkMethod.java:47)&#13;
	at junit/org.junit.internal.runners.statements.InvokeMethod.evaluate(InvokeMethod.java:17)&#13;
	at junit/org.junit.runners.ParentRunner.runLeaf(ParentRunner.java:325)&#13;
	at junit/org.junit.runners.BlockJUnit4ClassRunner.runChild(BlockJUnit4ClassRunner.java:78)&#13;
	at junit/org.junit.runners.BlockJUnit4ClassRunner.runChild(BlockJUnit4ClassRunner.java:57)&#13;
	at junit/org.junit.runners.ParentRunner$3.run(ParentRunner.java:290)&#13;
	at junit/org.junit.runners.ParentRunner$1.schedule(ParentRunner.java:71)&#13;
	at junit/org.junit.runners.ParentRunner.runChildren(ParentRunner.java:288)&#13;
	at junit/org.junit.runners.ParentRunner.access$000(ParentRunner.java:58)&#13;
	at junit/org.junit.runners.ParentRunner$2.evaluate(ParentRunner.java:268)&#13;
	at junit/org.junit.runners.ParentRunner.run(ParentRunner.java:363)&#13;
	at org.eclipse.jdt.internal.junit4.runner.JUnit4TestReference.run(JUnit4TestReference.java:89)&#13;
	at org.eclipse.jdt.internal.junit.runner.TestExecution.run(TestExecution.java:41)&#13;
	at org.eclipse.jdt.internal.junit.runner.RemoteTestRunner.runTests(RemoteTestRunner.java:541)&#13;
	at org.eclipse.jdt.internal.junit.runner.RemoteTestRunner.runTests(RemoteTestRunner.java:763)&#13;
	at org.eclipse.jdt.internal.junit.runner.RemoteTestRunner.run(RemoteTestRunner.java:463)&#13;
	at org.eclipse.jdt.internal.junit.runner.RemoteTestRunner.main(RemoteTestRunner.java:209)&#13;
&#13;
</error>
    </testcase>
    <testcase name="testSpaces" classname="examplesfortechtest.BalancedBracketsTest" time="0.0">
      <error>java.lang.Error: Unresolved compilation problem: 
	Syntax error, insert ") Statement" to complete IfStatement
&#13;
	at examplesfortechtest/examplesfortechtest.BalancedBracketsAgain.balancedBrackets(BalancedBracketsAgain.java:57)&#13;
	at examplesfortechtest/examplesfortechtest.BalancedBracketsTest.testSpaces(BalancedBracketsTest.java:80)&#13;
	at java.base/jdk.internal.reflect.NativeMethodAccessorImpl.invoke0(Native Method)&#13;
	at java.base/jdk.internal.reflect.NativeMethodAccessorImpl.invoke(NativeMethodAccessorImpl.java:62)&#13;
	at java.base/jdk.internal.reflect.DelegatingMethodAccessorImpl.invoke(DelegatingMethodAccessorImpl.java:43)&#13;
	at java.base/java.lang.reflect.Method.invoke(Method.java:567)&#13;
	at junit/org.junit.runners.model.FrameworkMethod$1.runReflectiveCall(FrameworkMethod.java:50)&#13;
	at junit/org.junit.internal.runners.model.ReflectiveCallable.run(ReflectiveCallable.java:12)&#13;
	at junit/org.junit.runners.model.FrameworkMethod.invokeExplosively(FrameworkMethod.java:47)&#13;
	at junit/org.junit.internal.runners.statements.InvokeMethod.evaluate(InvokeMethod.java:17)&#13;
	at junit/org.junit.runners.ParentRunner.runLeaf(ParentRunner.java:325)&#13;
	at junit/org.junit.runners.BlockJUnit4ClassRunner.runChild(BlockJUnit4ClassRunner.java:78)&#13;
	at junit/org.junit.runners.BlockJUnit4ClassRunner.runChild(BlockJUnit4ClassRunner.java:57)&#13;
	at junit/org.junit.runners.ParentRunner$3.run(ParentRunner.java:290)&#13;
	at junit/org.junit.runners.ParentRunner$1.schedule(ParentRunner.java:71)&#13;
	at junit/org.junit.runners.ParentRunner.runChildren(ParentRunner.java:288)&#13;
	at junit/org.junit.runners.ParentRunner.access$000(ParentRunner.java:58)&#13;
	at junit/org.junit.runners.ParentRunner$2.evaluate(ParentRunner.java:268)&#13;
	at junit/org.junit.runners.ParentRunner.run(ParentRunner.java:363)&#13;
	at org.eclipse.jdt.internal.junit4.runner.JUnit4TestReference.run(JUnit4TestReference.java:89)&#13;
	at org.eclipse.jdt.internal.junit.runner.TestExecution.run(TestExecution.java:41)&#13;
	at org.eclipse.jdt.internal.junit.runner.RemoteTestRunner.runTests(RemoteTestRunner.java:541)&#13;
	at org.eclipse.jdt.internal.junit.runner.RemoteTestRunner.runTests(RemoteTestRunner.java:763)&#13;
	at org.eclipse.jdt.internal.junit.runner.RemoteTestRunner.run(RemoteTestRunner.java:463)&#13;
	at org.eclipse.jdt.internal.junit.runner.RemoteTestRunner.main(RemoteTestRunner.java:209)&#13;
&#13;
</error>
    </testcase>
  </testsuite>
</testrun>
